<?xml version="1.0" encoding="UTF-8"?>
<testng-results skipped="0" failed="0" ignored="0" total="1" passed="1">
  <reporter-output>
  </reporter-output>
  <suite name="Default suite" duration-ms="22133" started-at="2020-06-07T18:42:08 IST" finished-at="2020-06-07T18:42:30 IST">
    <groups>
    </groups>
    <test name="Default test" duration-ms="22133" started-at="2020-06-07T18:42:08 IST" finished-at="2020-06-07T18:42:30 IST">
      <class name="com.demo.qa.testcases.LoginPageTest">
        <test-method status="PASS" signature="setUp()[pri:0, instance:com.demo.qa.testcases.LoginPageTest@71bbf57e]" name="setUp" is-config="true" duration-ms="20962" started-at="2020-06-07T18:42:08 IST" finished-at="2020-06-07T18:42:29 IST">
          <reporter-output>
          </reporter-output>
        </test-method> <!-- setUp -->
        <test-method status="PASS" signature="loginPageTitleTest()[pri:0, instance:com.demo.qa.testcases.LoginPageTest@71bbf57e]" name="loginPageTitleTest" duration-ms="415" started-at="2020-06-07T18:42:29 IST" finished-at="2020-06-07T18:42:29 IST">
          <reporter-output>
          </reporter-output>
        </test-method> <!-- loginPageTitleTest -->
        <test-method status="PASS" signature="tearDown()[pri:0, instance:com.demo.qa.testcases.LoginPageTest@71bbf57e]" name="tearDown" is-config="true" duration-ms="720" started-at="2020-06-07T18:42:29 IST" finished-at="2020-06-07T18:42:30 IST">
          <reporter-output>
          </reporter-output>
        </test-method> <!-- tearDown -->
      </class> <!-- com.demo.qa.testcases.LoginPageTest -->
    </test> <!-- Default test -->
  </suite> <!-- Default suite -->
</testng-results>
